<?xml version="1.0" encoding="utf-8"?><testsuites name="pytest tests"><testsuite name="pytest" errors="0" failures="0" skipped="0" tests="7" time="9.969" timestamp="2026-05-28T08:28:21.438263+00:00" hostname="agent-env-4c64d7c7-1474-4362-9fa2-eeae9b37a3ba"><testcase classname="backend.tests.backend_test" name="test_root" time="0.263" /><testcase classname="backend.tests.backend_test" name="test_categories" time="0.047" /><testcase classname="backend.tests.backend_test" name="test_products_all" time="0.046" /><testcase classname="backend.tests.backend_test" name="test_products_filter_by_category" time="0.195" /><testcase classname="backend.tests.backend_test" name="test_chat_basic" time="7.559" /><testcase classname="backend.tests.backend_test" name="test_tts" time="1.709" /><testcase classname="backend.tests.backend_test" name="test_transcribe_requires_file" time="0.046" /></testsuite></testsuites>