<?xml version="1.0" encoding="utf-8"?><testsuites name="pytest tests"><testsuite name="pytest" errors="0" failures="0" skipped="0" tests="8" time="7.621" timestamp="2026-05-28T09:26:54.486022+00:00" hostname="agent-env-4c64d7c7-1474-4362-9fa2-eeae9b37a3ba"><testcase classname="backend.tests.backend_test" name="test_root" time="0.210" /><testcase classname="backend.tests.backend_test" name="test_chat_basic" time="3.246" /><testcase classname="backend.tests.backend_test" name="test_chat_with_context" time="2.440" /><testcase classname="backend.tests.backend_test" name="test_tts" time="1.450" /><testcase classname="backend.tests.backend_test" name="test_transcribe_requires_file" time="0.044" /><testcase classname="backend.tests.backend_test" name="test_place_order_and_persist" time="0.058" /><testcase classname="backend.tests.backend_test" name="test_place_order_minimal" time="0.046" /><testcase classname="backend.tests.backend_test" name="test_place_order_validation_missing_items" time="0.044" /></testsuite></testsuites>